<?xml version="1.0" encoding="utf-8"?>
<TestRun id="0e48a5d2-c29a-41cc-8584-d22954b6c416" name="User@XII-6-JENNIFER- 2026-01-07 18:58:44" runUser="XII-6-JENNIFER-\User" xmlns="http://microsoft.com/schemas/VisualStudio/TeamTest/2010">
  <Times creation="2026-01-07T18:58:44.6607982+07:00" queuing="2026-01-07T18:58:44.6607985+07:00" start="2026-01-07T18:58:40.1995928+07:00" finish="2026-01-07T18:58:44.6747943+07:00" />
  <TestSettings name="default" id="7b60f89e-4d4e-471d-95cf-18645e27df00">
    <Deployment runDeploymentRoot="User_XII-6-JENNIFER-_2026-01-07_18_58_44" />
  </TestSettings>
  <Results>
    <UnitTestResult executionId="bd48c81b-55d0-4d39-aece-80c9b6346944" testId="c7d48c02-283d-f10b-3e15-2e1e9810a8e6" testName="Tests.DocxExtractionServiceTests.ExtractDocxToDatabase_ElementCount_ShouldMatch_BeforeAndAfterProcessing" computerName="XII-6-JENNIFER-" duration="00:00:03.8414372" startTime="2026-01-07T18:58:40.7220603+07:00" endTime="2026-01-07T18:58:44.5772199+07:00" testType="13cdc9d9-ddb5-4fa4-a97d-d965ccfc6d4b" outcome="Failed" testListId="8c84fa94-04c1-424b-9868-57a2d4851a1d" relativeResultsDirectory="bd48c81b-55d0-4d39-aece-80c9b6346944">
      <Output>
        <ErrorInfo>
          <Message>Assert.Equal() Failure: Values differ&#xD;
Expected: 373&#xD;
Actual:   371</Message>
          <StackTrace>   at Tests.DocxExtractionServiceTests.ExtractDocxToDatabase_ElementCount_ShouldMatch_BeforeAndAfterProcessing() in E:\main-service-dotnet\Tests\DocxExtractionServiceTests.cs:line 197&#xD;
--- End of stack trace from previous location ---</StackTrace>
        </ErrorInfo>
      </Output>
    </UnitTestResult>
  </Results>
  <TestDefinitions>
    <UnitTest name="Tests.DocxExtractionServiceTests.ExtractDocxToDatabase_ElementCount_ShouldMatch_BeforeAndAfterProcessing" storage="e:\main-service-dotnet\tests\bin\debug\net9.0\tests.dll" id="c7d48c02-283d-f10b-3e15-2e1e9810a8e6">
      <Execution id="bd48c81b-55d0-4d39-aece-80c9b6346944" />
      <TestMethod codeBase="E:\main-service-dotnet\Tests\bin\Debug\net9.0\Tests.dll" adapterTypeName="executor://xunit/VsTestRunner3/netcore/" className="Tests.DocxExtractionServiceTests" name="ExtractDocxToDatabase_ElementCount_ShouldMatch_BeforeAndAfterProcessing" />
    </UnitTest>
  </TestDefinitions>
  <TestEntries>
    <TestEntry testId="c7d48c02-283d-f10b-3e15-2e1e9810a8e6" executionId="bd48c81b-55d0-4d39-aece-80c9b6346944" testListId="8c84fa94-04c1-424b-9868-57a2d4851a1d" />
  </TestEntries>
  <TestLists>
    <TestList name="Results Not in a List" id="8c84fa94-04c1-424b-9868-57a2d4851a1d" />
    <TestList name="All Loaded Results" id="19431567-8539-422a-85d7-44ee4e166bda" />
  </TestLists>
  <ResultSummary outcome="Failed">
    <Counters total="1" executed="1" passed="0" failed="1" error="0" timeout="0" aborted="0" inconclusive="0" passedButRunAborted="0" notRunnable="0" notExecuted="0" disconnected="0" warning="0" completed="0" inProgress="0" pending="0" />
    <Output>
      <StdOut>[xUnit.net 00:00:00.00] xUnit.net VSTest Adapter v3.0.2+dd36e86129 (64-bit .NET 9.0.8)&#xD;
[xUnit.net 00:00:00.07]   Discovering: Tests&#xD;
[xUnit.net 00:00:00.10]   Discovered:  Tests&#xD;
[xUnit.net 00:00:00.12]   Starting:    Tests&#xD;
=== Raw DOCX Body Elements (excluding sectPr) ===&#xD;
  Total: 373&#xD;
  - Paragraphs: 355&#xD;
  - Tables: 16&#xD;
=== Extracted DokumenElemen ===&#xD;
  Body elements: 371&#xD;
    - Paragraph types: 355&#xD;
    - Tables: 16&#xD;
  Header/Footer elements: 160&#xD;
=== Format Records ===&#xD;
  Total paragraph formats: 515&#xD;
[xUnit.net 00:00:03.99]       Assert.Equal() Failure: Values differ&#xD;
[xUnit.net 00:00:03.99]       Expected: 373&#xD;
[xUnit.net 00:00:03.99]       Actual:   371&#xD;
[xUnit.net 00:00:03.99]       Stack Trace:&#xD;
[xUnit.net 00:00:03.99]         E:\main-service-dotnet\Tests\DocxExtractionServiceTests.cs(197,0): at Tests.DocxExtractionServiceTests.ExtractDocxToDatabase_ElementCount_ShouldMatch_BeforeAndAfterProcessing()&#xD;
[xUnit.net 00:00:03.99]         --- End of stack trace from previous location ---&#xD;
[xUnit.net 00:00:04.00]   Finished:    Tests&#xD;
</StdOut>
    </Output>
    <RunInfos>
      <RunInfo computerName="XII-6-JENNIFER-" outcome="Error" timestamp="2026-01-07T18:58:44.5793685+07:00">
        <Text>[xUnit.net 00:00:03.99]     Tests.DocxExtractionServiceTests.ExtractDocxToDatabase_ElementCount_ShouldMatch_BeforeAndAfterProcessing [FAIL]</Text>
      </RunInfo>
    </RunInfos>
  </ResultSummary>
</TestRun>