<?xml version="1.0" encoding="utf-8"?>
<TestRun id="ed58968b-f76c-4f13-9e82-040ba79f234c" name="User@XII-6-JENNIFER- 2026-01-07 18:43:19" runUser="XII-6-JENNIFER-\User" xmlns="http://microsoft.com/schemas/VisualStudio/TeamTest/2010">
  <Times creation="2026-01-07T18:43:19.8360556+07:00" queuing="2026-01-07T18:43:19.8360560+07:00" start="2026-01-07T18:43:15.0171315+07:00" finish="2026-01-07T18:43:19.8520975+07:00" />
  <TestSettings name="default" id="7128d0c3-6eec-41c3-bcc2-32b536becf34">
    <Deployment runDeploymentRoot="User_XII-6-JENNIFER-_2026-01-07_18_43_19" />
  </TestSettings>
  <Results>
    <UnitTestResult executionId="c560f610-0505-44db-859d-ac5fd0eb2e0e" testId="9dca8575-4a83-82b4-c659-6a5a187152fb" testName="Tests.DocxExtractionServiceTests.ExtractDocxToDatabase_Should_Extract_Correctly" computerName="XII-6-JENNIFER-" duration="00:00:04.0444815" startTime="2026-01-07T18:43:15.6571622+07:00" endTime="2026-01-07T18:43:19.7160888+07:00" testType="13cdc9d9-ddb5-4fa4-a97d-d965ccfc6d4b" outcome="Failed" testListId="8c84fa94-04c1-424b-9868-57a2d4851a1d" relativeResultsDirectory="c560f610-0505-44db-859d-ac5fd0eb2e0e">
      <Output>
        <ErrorInfo>
          <Message>Assert.Equal() Failure: Values differ&#xD;
Expected: 269&#xD;
Actual:   515</Message>
          <StackTrace>   at Tests.DocxExtractionServiceTests.ExtractDocxToDatabase_Should_Extract_Correctly() in E:\main-service-dotnet\Tests\DocxExtractionServiceTests.cs:line 81&#xD;
--- End of stack trace from previous location ---</StackTrace>
        </ErrorInfo>
      </Output>
    </UnitTestResult>
  </Results>
  <TestDefinitions>
    <UnitTest name="Tests.DocxExtractionServiceTests.ExtractDocxToDatabase_Should_Extract_Correctly" storage="e:\main-service-dotnet\tests\bin\debug\net9.0\tests.dll" id="9dca8575-4a83-82b4-c659-6a5a187152fb">
      <Execution id="c560f610-0505-44db-859d-ac5fd0eb2e0e" />
      <TestMethod codeBase="E:\main-service-dotnet\Tests\bin\Debug\net9.0\Tests.dll" adapterTypeName="executor://xunit/VsTestRunner3/netcore/" className="Tests.DocxExtractionServiceTests" name="ExtractDocxToDatabase_Should_Extract_Correctly" />
    </UnitTest>
  </TestDefinitions>
  <TestEntries>
    <TestEntry testId="9dca8575-4a83-82b4-c659-6a5a187152fb" executionId="c560f610-0505-44db-859d-ac5fd0eb2e0e" testListId="8c84fa94-04c1-424b-9868-57a2d4851a1d" />
  </TestEntries>
  <TestLists>
    <TestList name="Results Not in a List" id="8c84fa94-04c1-424b-9868-57a2d4851a1d" />
    <TestList name="All Loaded Results" id="19431567-8539-422a-85d7-44ee4e166bda" />
  </TestLists>
  <ResultSummary outcome="Failed">
    <Counters total="1" executed="1" passed="0" failed="1" error="0" timeout="0" aborted="0" inconclusive="0" passedButRunAborted="0" notRunnable="0" notExecuted="0" disconnected="0" warning="0" completed="0" inProgress="0" pending="0" />
    <Output>
      <StdOut>[xUnit.net 00:00:00.00] xUnit.net VSTest Adapter v3.0.2+dd36e86129 (64-bit .NET 9.0.8)&#xD;
[xUnit.net 00:00:00.07]   Discovering: Tests&#xD;
[xUnit.net 00:00:00.11]   Discovered:  Tests&#xD;
[xUnit.net 00:00:00.14]   Starting:    Tests&#xD;
[xUnit.net 00:00:04.22]       Assert.Equal() Failure: Values differ&#xD;
[xUnit.net 00:00:04.22]       Expected: 269&#xD;
[xUnit.net 00:00:04.22]       Actual:   515&#xD;
[xUnit.net 00:00:04.22]       Stack Trace:&#xD;
[xUnit.net 00:00:04.22]         E:\main-service-dotnet\Tests\DocxExtractionServiceTests.cs(81,0): at Tests.DocxExtractionServiceTests.ExtractDocxToDatabase_Should_Extract_Correctly()&#xD;
[xUnit.net 00:00:04.22]         --- End of stack trace from previous location ---&#xD;
[xUnit.net 00:00:04.23]   Finished:    Tests&#xD;
</StdOut>
    </Output>
    <RunInfos>
      <RunInfo computerName="XII-6-JENNIFER-" outcome="Error" timestamp="2026-01-07T18:43:19.7185641+07:00">
        <Text>[xUnit.net 00:00:04.22]     Tests.DocxExtractionServiceTests.ExtractDocxToDatabase_Should_Extract_Correctly [FAIL]</Text>
      </RunInfo>
    </RunInfos>
  </ResultSummary>
</TestRun>