<?xml version="1.0" encoding="utf-8"?>
<TestRun id="8a5f8944-bc9d-4cf0-8714-08cce60b7f77" name="User@XII-6-JENNIFER- 2026-01-07 18:48:25" runUser="XII-6-JENNIFER-\User" xmlns="http://microsoft.com/schemas/VisualStudio/TeamTest/2010">
  <Times creation="2026-01-07T18:48:25.9739284+07:00" queuing="2026-01-07T18:48:25.9739288+07:00" start="2026-01-07T18:48:20.2987161+07:00" finish="2026-01-07T18:48:25.9896397+07:00" />
  <TestSettings name="default" id="8429b1fa-79e8-4e66-b465-8542ad2e04e4">
    <Deployment runDeploymentRoot="User_XII-6-JENNIFER-_2026-01-07_18_48_25" />
  </TestSettings>
  <Results>
    <UnitTestResult executionId="e9aae5f4-5faf-49d4-bac7-6ffe3efb0bd2" testId="c7d48c02-283d-f10b-3e15-2e1e9810a8e6" testName="Tests.DocxExtractionServiceTests.ExtractDocxToDatabase_ElementCount_ShouldMatch_BeforeAndAfterProcessing" computerName="XII-6-JENNIFER-" duration="00:00:04.9951086" startTime="2026-01-07T18:48:20.8577608+07:00" endTime="2026-01-07T18:48:25.8684240+07:00" testType="13cdc9d9-ddb5-4fa4-a97d-d965ccfc6d4b" outcome="Failed" testListId="8c84fa94-04c1-424b-9868-57a2d4851a1d" relativeResultsDirectory="e9aae5f4-5faf-49d4-bac7-6ffe3efb0bd2">
      <Output>
        <ErrorInfo>
          <Message>Assert.Equal() Failure: Values differ&#xD;
Expected: 373&#xD;
Actual:   253</Message>
          <StackTrace>   at Tests.DocxExtractionServiceTests.ExtractDocxToDatabase_ElementCount_ShouldMatch_BeforeAndAfterProcessing() in E:\main-service-dotnet\Tests\DocxExtractionServiceTests.cs:line 183&#xD;
--- End of stack trace from previous location ---</StackTrace>
        </ErrorInfo>
      </Output>
    </UnitTestResult>
  </Results>
  <TestDefinitions>
    <UnitTest name="Tests.DocxExtractionServiceTests.ExtractDocxToDatabase_ElementCount_ShouldMatch_BeforeAndAfterProcessing" storage="e:\main-service-dotnet\tests\bin\debug\net9.0\tests.dll" id="c7d48c02-283d-f10b-3e15-2e1e9810a8e6">
      <Execution id="e9aae5f4-5faf-49d4-bac7-6ffe3efb0bd2" />
      <TestMethod codeBase="E:\main-service-dotnet\Tests\bin\Debug\net9.0\Tests.dll" adapterTypeName="executor://xunit/VsTestRunner3/netcore/" className="Tests.DocxExtractionServiceTests" name="ExtractDocxToDatabase_ElementCount_ShouldMatch_BeforeAndAfterProcessing" />
    </UnitTest>
  </TestDefinitions>
  <TestEntries>
    <TestEntry testId="c7d48c02-283d-f10b-3e15-2e1e9810a8e6" executionId="e9aae5f4-5faf-49d4-bac7-6ffe3efb0bd2" testListId="8c84fa94-04c1-424b-9868-57a2d4851a1d" />
  </TestEntries>
  <TestLists>
    <TestList name="Results Not in a List" id="8c84fa94-04c1-424b-9868-57a2d4851a1d" />
    <TestList name="All Loaded Results" id="19431567-8539-422a-85d7-44ee4e166bda" />
  </TestLists>
  <ResultSummary outcome="Failed">
    <Counters total="1" executed="1" passed="0" failed="1" error="0" timeout="0" aborted="0" inconclusive="0" passedButRunAborted="0" notRunnable="0" notExecuted="0" disconnected="0" warning="0" completed="0" inProgress="0" pending="0" />
    <Output>
      <StdOut>[xUnit.net 00:00:00.00] xUnit.net VSTest Adapter v3.0.2+dd36e86129 (64-bit .NET 9.0.8)&#xD;
[xUnit.net 00:00:00.07]   Discovering: Tests&#xD;
[xUnit.net 00:00:00.10]   Discovered:  Tests&#xD;
[xUnit.net 00:00:00.12]   Starting:    Tests&#xD;
Raw DOCX body elements (excluding sectPr): 373&#xD;
  - Paragraphs: 355&#xD;
  - Tables: 16&#xD;
Extracted DokumenElemen (body only): 253&#xD;
  - Paragraph types: 237&#xD;
  - Tables: 16&#xD;
Extracted paragraph formats: 515&#xD;
[xUnit.net 00:00:05.15]       Assert.Equal() Failure: Values differ&#xD;
[xUnit.net 00:00:05.15]       Expected: 373&#xD;
[xUnit.net 00:00:05.15]       Actual:   253&#xD;
[xUnit.net 00:00:05.15]       Stack Trace:&#xD;
[xUnit.net 00:00:05.15]         E:\main-service-dotnet\Tests\DocxExtractionServiceTests.cs(183,0): at Tests.DocxExtractionServiceTests.ExtractDocxToDatabase_ElementCount_ShouldMatch_BeforeAndAfterProcessing()&#xD;
[xUnit.net 00:00:05.15]         --- End of stack trace from previous location ---&#xD;
[xUnit.net 00:00:05.17]   Finished:    Tests&#xD;
</StdOut>
    </Output>
    <RunInfos>
      <RunInfo computerName="XII-6-JENNIFER-" outcome="Error" timestamp="2026-01-07T18:48:25.8713441+07:00">
        <Text>[xUnit.net 00:00:05.15]     Tests.DocxExtractionServiceTests.ExtractDocxToDatabase_ElementCount_ShouldMatch_BeforeAndAfterProcessing [FAIL]</Text>
      </RunInfo>
    </RunInfos>
  </ResultSummary>
</TestRun>