<?xml version="1.0" encoding="utf-8"?>
<TestRun id="513bd63b-871c-46d7-ab7b-ef63b24fd88d" name="User@XII-6-JENNIFER- 2026-01-07 18:04:22" runUser="XII-6-JENNIFER-\User" xmlns="http://microsoft.com/schemas/VisualStudio/TeamTest/2010">
  <Times creation="2026-01-07T18:04:22.3010528+07:00" queuing="2026-01-07T18:04:22.3010531+07:00" start="2026-01-07T18:04:20.5757099+07:00" finish="2026-01-07T18:04:22.3053908+07:00" />
  <TestSettings name="default" id="4c1112b5-b0fc-4f91-9eeb-96fcd3081d40">
    <Deployment runDeploymentRoot="User_XII-6-JENNIFER-_2026-01-07_18_04_22" />
  </TestSettings>
  <Results>
    <UnitTestResult executionId="9b677a23-b621-4e3b-b1da-c5cd57f5dd9d" testId="03c827c8-0b4b-cfae-b529-8c51d3898b50" testName="Tests.SectionExtractionTests.Section_Detection_Should_Find_All_Sections" computerName="XII-6-JENNIFER-" duration="00:00:00.7016083" startTime="2026-01-07T18:04:21.1563197+07:00" endTime="2026-01-07T18:04:21.8642809+07:00" testType="13cdc9d9-ddb5-4fa4-a97d-d965ccfc6d4b" outcome="Passed" testListId="8c84fa94-04c1-424b-9868-57a2d4851a1d" relativeResultsDirectory="9b677a23-b621-4e3b-b1da-c5cd57f5dd9d" />
    <UnitTestResult executionId="b57eb5a4-3a9e-4628-bdb3-a1ddbd7e60e7" testId="6b1926cc-8bb8-20ef-00c9-c50111a14fba" testName="Tests.SectionExtractionTests.Elements_Should_Distribute_Across_All_Sections" computerName="XII-6-JENNIFER-" duration="00:00:00.1045829" startTime="2026-01-07T18:04:21.8719758+07:00" endTime="2026-01-07T18:04:21.9692403+07:00" testType="13cdc9d9-ddb5-4fa4-a97d-d965ccfc6d4b" outcome="Passed" testListId="8c84fa94-04c1-424b-9868-57a2d4851a1d" relativeResultsDirectory="b57eb5a4-3a9e-4628-bdb3-a1ddbd7e60e7" />
    <UnitTestResult executionId="088f5eca-a77c-4d31-a9bb-a0d2db07e2f5" testId="9da9206b-5799-efaf-a6a4-cebc3120080c" testName="Tests.SectionExtractionTests.Element_Indexing_Should_Be_Consistent" computerName="XII-6-JENNIFER-" duration="00:00:00.1069576" startTime="2026-01-07T18:04:21.9703491+07:00" endTime="2026-01-07T18:04:22.0763376+07:00" testType="13cdc9d9-ddb5-4fa4-a97d-d965ccfc6d4b" outcome="Passed" testListId="8c84fa94-04c1-424b-9868-57a2d4851a1d" relativeResultsDirectory="088f5eca-a77c-4d31-a9bb-a0d2db07e2f5" />
    <UnitTestResult executionId="d836d6c2-b2a7-4ed8-b7ac-8cd2bb7e369a" testId="ec3138d6-73db-cd48-2605-e87acdd39c86" testName="Tests.SectionExtractionTests.Section_Properties_Should_Have_Valid_Page_Settings" computerName="XII-6-JENNIFER-" duration="00:00:00.1113074" startTime="2026-01-07T18:04:22.0765527+07:00" endTime="2026-01-07T18:04:22.1878879+07:00" testType="13cdc9d9-ddb5-4fa4-a97d-d965ccfc6d4b" outcome="Passed" testListId="8c84fa94-04c1-424b-9868-57a2d4851a1d" relativeResultsDirectory="d836d6c2-b2a7-4ed8-b7ac-8cd2bb7e369a" />
  </Results>
  <TestDefinitions>
    <UnitTest name="Tests.SectionExtractionTests.Element_Indexing_Should_Be_Consistent" storage="e:\main-service-dotnet\tests\bin\debug\net9.0\tests.dll" id="9da9206b-5799-efaf-a6a4-cebc3120080c">
      <Execution id="088f5eca-a77c-4d31-a9bb-a0d2db07e2f5" />
      <TestMethod codeBase="E:\main-service-dotnet\Tests\bin\Debug\net9.0\Tests.dll" adapterTypeName="executor://xunit/VsTestRunner3/netcore/" className="Tests.SectionExtractionTests" name="Element_Indexing_Should_Be_Consistent" />
    </UnitTest>
    <UnitTest name="Tests.SectionExtractionTests.Section_Properties_Should_Have_Valid_Page_Settings" storage="e:\main-service-dotnet\tests\bin\debug\net9.0\tests.dll" id="ec3138d6-73db-cd48-2605-e87acdd39c86">
      <Execution id="d836d6c2-b2a7-4ed8-b7ac-8cd2bb7e369a" />
      <TestMethod codeBase="E:\main-service-dotnet\Tests\bin\Debug\net9.0\Tests.dll" adapterTypeName="executor://xunit/VsTestRunner3/netcore/" className="Tests.SectionExtractionTests" name="Section_Properties_Should_Have_Valid_Page_Settings" />
    </UnitTest>
    <UnitTest name="Tests.SectionExtractionTests.Elements_Should_Distribute_Across_All_Sections" storage="e:\main-service-dotnet\tests\bin\debug\net9.0\tests.dll" id="6b1926cc-8bb8-20ef-00c9-c50111a14fba">
      <Execution id="b57eb5a4-3a9e-4628-bdb3-a1ddbd7e60e7" />
      <TestMethod codeBase="E:\main-service-dotnet\Tests\bin\Debug\net9.0\Tests.dll" adapterTypeName="executor://xunit/VsTestRunner3/netcore/" className="Tests.SectionExtractionTests" name="Elements_Should_Distribute_Across_All_Sections" />
    </UnitTest>
    <UnitTest name="Tests.SectionExtractionTests.Section_Detection_Should_Find_All_Sections" storage="e:\main-service-dotnet\tests\bin\debug\net9.0\tests.dll" id="03c827c8-0b4b-cfae-b529-8c51d3898b50">
      <Execution id="9b677a23-b621-4e3b-b1da-c5cd57f5dd9d" />
      <TestMethod codeBase="E:\main-service-dotnet\Tests\bin\Debug\net9.0\Tests.dll" adapterTypeName="executor://xunit/VsTestRunner3/netcore/" className="Tests.SectionExtractionTests" name="Section_Detection_Should_Find_All_Sections" />
    </UnitTest>
  </TestDefinitions>
  <TestEntries>
    <TestEntry testId="03c827c8-0b4b-cfae-b529-8c51d3898b50" executionId="9b677a23-b621-4e3b-b1da-c5cd57f5dd9d" testListId="8c84fa94-04c1-424b-9868-57a2d4851a1d" />
    <TestEntry testId="6b1926cc-8bb8-20ef-00c9-c50111a14fba" executionId="b57eb5a4-3a9e-4628-bdb3-a1ddbd7e60e7" testListId="8c84fa94-04c1-424b-9868-57a2d4851a1d" />
    <TestEntry testId="9da9206b-5799-efaf-a6a4-cebc3120080c" executionId="088f5eca-a77c-4d31-a9bb-a0d2db07e2f5" testListId="8c84fa94-04c1-424b-9868-57a2d4851a1d" />
    <TestEntry testId="ec3138d6-73db-cd48-2605-e87acdd39c86" executionId="d836d6c2-b2a7-4ed8-b7ac-8cd2bb7e369a" testListId="8c84fa94-04c1-424b-9868-57a2d4851a1d" />
  </TestEntries>
  <TestLists>
    <TestList name="Results Not in a List" id="8c84fa94-04c1-424b-9868-57a2d4851a1d" />
    <TestList name="All Loaded Results" id="19431567-8539-422a-85d7-44ee4e166bda" />
  </TestLists>
  <ResultSummary outcome="Completed">
    <Counters total="4" executed="4" passed="4" failed="0" error="0" timeout="0" aborted="0" inconclusive="0" passedButRunAborted="0" notRunnable="0" notExecuted="0" disconnected="0" warning="0" completed="0" inProgress="0" pending="0" />
    <Output>
      <StdOut>[xUnit.net 00:00:00.00] xUnit.net VSTest Adapter v3.0.2+dd36e86129 (64-bit .NET 9.0.8)&#xD;
[xUnit.net 00:00:00.08]   Discovering: Tests&#xD;
[xUnit.net 00:00:00.11]   Discovered:  Tests&#xD;
[xUnit.net 00:00:00.13]   Starting:    Tests&#xD;
Section 0: 11 elements&#xD;
Section 1: 2 elements&#xD;
Section 2: 6 elements&#xD;
Section 3: 5 elements&#xD;
Section 4: 18 elements&#xD;
Section 5: 11 elements&#xD;
Section 6: 5 elements&#xD;
Section 7: 14 elements&#xD;
Section 8: 5 elements&#xD;
Section 9: 28 elements&#xD;
Section 10: 33 elements&#xD;
Section 11: 20 elements&#xD;
Section 12: 14 elements&#xD;
Section 13: 3 elements&#xD;
Section 14: 7 elements&#xD;
Section 15: 8 elements&#xD;
Section 16: 6 elements&#xD;
Section 17: 2 elements&#xD;
Section 18: 2 elements&#xD;
Section 19: 3 elements&#xD;
Section 20: 26 elements&#xD;
Section 21: 13 elements&#xD;
Section 22: 16 elements&#xD;
Section 23: 13 elements&#xD;
Section 24: 12 elements&#xD;
Section 25: 10 elements&#xD;
Section 26: 5 elements&#xD;
Section 27: 12 elements&#xD;
Section 28: 9 elements&#xD;
Section 29: 13 elements&#xD;
Section 30: 14 elements&#xD;
Section 31: 27 elements&#xD;
[xUnit.net 00:00:01.18]   Finished:    Tests&#xD;
</StdOut>
    </Output>
  </ResultSummary>
</TestRun>